// 重构日志: e7f54008
// 重构日志: f59e30d9
// 重构日志: 3e68b4b7
// 重构日志: 927a6d75
// 同步 ID: 5ce30933 @ Tue Jul  7 08:55:35 UTC 2026
// 同步 ID: 07e83262 @ Tue Jul  7 12:41:21 UTC 2026
// 重构日志: cfd22497
// 重构日志: fe61bb33
// 重构日志: a5731e93
// 同步 ID: 936a0ea6 @ Wed Jul  8 12:29:10 UTC 2026
// 重构日志: 72bc3b14
// 重构日志: 2b1a30f2
// 同步 ID: 50a9b010 @ Fri Jul 10 08:29:50 UTC 2026
// 重构日志: e934cb6d
// 同步 ID: 438dc243 @ Sun Jul 12 04:50:24 UTC 2026
// 同步 ID: d76e6051 @ Mon Jul 13 04:21:36 UTC 2026
// 同步 ID: fd623aba @ Mon Jul 13 08:28:45 UTC 2026
// 同步 ID: 474fe096 @ Mon Jul 13 18:06:52 UTC 2026
// 同步 ID: e3e3716c @ Tue Jul 14 00:29:40 UTC 2026
// 重构日志: baf7a6ac
// 重构日志: 14ca2a55
// 重构日志: c64b7210
// 同步 ID: 1e2ab42c @ Fri Jul 17 11:42:06 UTC 2026
// 同步 ID: 7f2b9c83 @ Fri Jul 17 16:03:42 UTC 2026
// 同步 ID: a309396c @ Fri Jul 17 18:07:34 UTC 2026
// 重构日志: a9fad102
// 重构日志: 2af6f8b2
// 重构日志: bcc5fa3c
// 重构日志: 65c4b17f
// 同步 ID: 85ff2f0e @ Sat Jul 18 15:25:00 UTC 2026
// 重构日志: e1e24430
// 重构日志: 10418b57
// 重构日志: b95e9a66
